 BELLHOP/BELLHOP3D

 BELLHOP- Munk profile, coherent                                                 
 frequency =   1500.     Hz

 Dummy parameter NMedia =            1

     Spline approximation to SSP
     Attenuation units: dB/wavelength
     VACUUM

 Depth =    5000.00 m

 Sound speed profile:
   z (m)     alphaR (m/s)   betaR  rho (g/cm^3)  alphaI     betaI

      0.00      1548.52      0.00     1.00       0.0000    0.0000
    200.00      1530.29      0.00     1.00       0.0000    0.0000
    250.00      1526.69      0.00     1.00       0.0000    0.0000
    400.00      1517.78      0.00     1.00       0.0000    0.0000
    600.00      1509.49      0.00     1.00       0.0000    0.0000
    800.00      1504.30      0.00     1.00       0.0000    0.0000
   1000.00      1501.38      0.00     1.00       0.0000    0.0000
   1200.00      1500.14      0.00     1.00       0.0000    0.0000
   1400.00      1500.12      0.00     1.00       0.0000    0.0000
   1600.00      1501.02      0.00     1.00       0.0000    0.0000
   1800.00      1502.57      0.00     1.00       0.0000    0.0000
   2000.00      1504.62      0.00     1.00       0.0000    0.0000
   2200.00      1507.02      0.00     1.00       0.0000    0.0000
   2400.00      1509.69      0.00     1.00       0.0000    0.0000
   2600.00      1512.55      0.00     1.00       0.0000    0.0000
   2800.00      1515.56      0.00     1.00       0.0000    0.0000
   3000.00      1518.67      0.00     1.00       0.0000    0.0000
   3200.00      1521.85      0.00     1.00       0.0000    0.0000
   3400.00      1525.10      0.00     1.00       0.0000    0.0000
   3600.00      1528.38      0.00     1.00       0.0000    0.0000
   3800.00      1531.70      0.00     1.00       0.0000    0.0000
   4000.00      1535.04      0.00     1.00       0.0000    0.0000
   4200.00      1538.39      0.00     1.00       0.0000    0.0000
   4400.00      1541.76      0.00     1.00       0.0000    0.0000
   4600.00      1545.14      0.00     1.00       0.0000    0.0000
   4800.00      1548.52      0.00     1.00       0.0000    0.0000
   5000.00      1551.91      0.00     1.00       0.0000    0.0000

                                 ( RMS roughness =   0.00     )
     ACOUSTO-ELASTIC half-space
   5000.00      1600.00      0.00     1.80       0.8000    0.0000

 __________________________________________________________________________

 Number of Source   depths, Sz =            1
 Source   depths, Sz (m)
   200.000    


 __________________________________________________________________________

 Number of Receiver depths, Rz =          501
 Receiver depths, Rz (m)
   0.00000       10.0000       20.0000       30.0000       40.0000    
   50.0000       60.0000       70.0000       80.0000       90.0000    
          ... 
   5000.00    


 __________________________________________________________________________

 Number of Receiver ranges, Rr =          500
 Receiver ranges, Rr (km)
   0.00000      0.400802      0.801603       1.20240       1.60321    
   2.00401       2.40481       2.80561       3.20641       3.60721    
          ... 
   200.000    


 Coherent TL calculation
 Geometric hat beams in Cartesian coordinates
 Point source (cylindrical coordinates)
 Rectilinear receiver grid: Receivers at Rr( : ) x Rz( : )
 __________________________________________________________________________

 Number of beams in elevation   =        60000
 Beam take-off angles (degrees)
  -20.3000      -20.2993      -20.2986      -20.2980      -20.2973    
  -20.2966      -20.2959      -20.2953      -20.2946      -20.2939    
          ... 
   20.3000    

 __________________________________________________________________________


 Step length,       deltas =   50.00     m

 Maximum ray depth, Box%z  =   5500.     m
 Maximum ray range, Box%r  =   200.0    km
 No beam shift in effect


Tracing beam       1    -20.30

 Geometric hat beams                     
 halfwidth  =    27496.234274238301     
 epsilonOpt =  (  0.0000000000000000     ,  3562768227188.8174     )
 EpsMult    =    1.0000000000000000     

Tracing beam    1201    -19.49
Tracing beam    2401    -18.68
Tracing beam    3601    -17.86
Tracing beam    4801    -17.05
Tracing beam    6001    -16.24
Tracing beam    7201    -15.43
Tracing beam    8401    -14.62
Tracing beam    9601    -13.80
Tracing beam   10801    -12.99
Tracing beam   12001    -12.18
Tracing beam   13201    -11.37
Tracing beam   14401    -10.56
Tracing beam   15601     -9.74
Tracing beam   16801     -8.93
Tracing beam   18001     -8.12
Tracing beam   19201     -7.31
Tracing beam   20401     -6.50
Tracing beam   21601     -5.68
Tracing beam   22801     -4.87
Tracing beam   24001     -4.06
Tracing beam   25201     -3.25
Tracing beam   26401     -2.44
Tracing beam   27601     -1.62
Tracing beam   28801     -0.81
Tracing beam   30001      0.00
Tracing beam   31201      0.81
Tracing beam   32401      1.62
Tracing beam   33601      2.44
Tracing beam   34801      3.25
Tracing beam   36001      4.06
Tracing beam   37201      4.87
Tracing beam   38401      5.68
Tracing beam   39601      6.50
Tracing beam   40801      7.31
Tracing beam   42001      8.12
Tracing beam   43201      8.93
Tracing beam   44401      9.74
Tracing beam   45601     10.56
Tracing beam   46801     11.37
Tracing beam   48001     12.18
Tracing beam   49201     12.99
Tracing beam   50401     13.80
Tracing beam   51601     14.62
Tracing beam   52801     15.43
Tracing beam   54001     16.24
Tracing beam   55201     17.05
Tracing beam   56401     17.86
Tracing beam   57601     18.68
Tracing beam   58801     19.49

 CPU Time =        51.6    s
